[2018-12-13 22:35:33.246] [exthost1] [info] extension host started
[2018-12-13 22:35:33.282] [exthost1] [info] ExtensionService#_doActivateExtension vscode.debug-auto-launch {"startup":true,"activationEvent":"*"}
[2018-12-13 22:35:33.282] [exthost1] [info] ExtensionService#loadCommonJSModule c:\Users\Manali\.codemix\engine\resources\app\extensions\debug-auto-launch\out\extension
[2018-12-13 22:35:33.294] [exthost1] [info] ExtensionService#_doActivateExtension vscode.emmet {"startup":true,"activationEvent":"*"}
[2018-12-13 22:35:33.294] [exthost1] [info] ExtensionService#loadCommonJSModule c:\Users\Manali\.codemix\engine\resources\app\extensions\emmet\dist\extension
[2018-12-13 22:35:33.343] [exthost1] [info] ExtensionService#_doActivateExtension vscode.merge-conflict {"startup":true,"activationEvent":"*"}
[2018-12-13 22:35:33.343] [exthost1] [info] ExtensionService#loadCommonJSModule c:\Users\Manali\.codemix\engine\resources\app\extensions\merge-conflict\out\extension
[2018-12-13 22:35:33.369] [exthost1] [info] ExtensionService#_doActivateExtension vscode.search-rg {"startup":true,"activationEvent":"*"}
[2018-12-13 22:35:33.369] [exthost1] [info] ExtensionService#loadCommonJSModule c:\Users\Manali\.codemix\engine\resources\app\extensions\search-rg\out\extension
[2018-12-13 22:35:33.380] [exthost1] [info] eager extensions activated
[2018-12-13 22:35:33.382] [exthost1] [info] ExtensionService#_doActivateExtension vscode.configuration-editing {"startup":false,"activationEvent":"onLanguage:jsonc"}
[2018-12-13 22:35:33.382] [exthost1] [info] ExtensionService#loadCommonJSModule c:\Users\Manali\.codemix\engine\resources\app\extensions\configuration-editing\out\extension
[2018-12-13 22:35:33.398] [exthost1] [info] ExtensionService#_doActivateExtension vscode.json-language-features {"startup":false,"activationEvent":"onLanguage:jsonc"}
[2018-12-13 22:35:33.398] [exthost1] [info] ExtensionService#loadCommonJSModule c:\Users\Manali\.codemix\engine\resources\app\extensions\json-language-features\client\dist\jsonMain
[2018-12-13 22:35:33.613] [exthost1] [info] ExtensionService#_doActivateExtension vscode.typescript-language-features {"startup":false,"activationEvent":"onLanguage:jsonc"}
[2018-12-13 22:35:33.613] [exthost1] [info] ExtensionService#loadCommonJSModule c:\Users\Manali\.codemix\engine\resources\app\extensions\typescript-language-features\dist\extension
[2018-12-13 22:35:35.560] [exthost1] [info] ExtensionService#_doActivateExtension vscode.grunt {"startup":false,"activationEvent":"onCommand:workbench.action.tasks.runTask"}
[2018-12-13 22:35:35.560] [exthost1] [info] ExtensionService#loadCommonJSModule c:\Users\Manali\.codemix\engine\resources\app\extensions\grunt\out\main
[2018-12-13 22:35:35.571] [exthost1] [info] ExtensionService#_doActivateExtension vscode.gulp {"startup":false,"activationEvent":"onCommand:workbench.action.tasks.runTask"}
[2018-12-13 22:35:35.571] [exthost1] [info] ExtensionService#loadCommonJSModule c:\Users\Manali\.codemix\engine\resources\app\extensions\gulp\out\main
[2018-12-13 22:35:35.580] [exthost1] [info] ExtensionService#_doActivateExtension vscode.jake {"startup":false,"activationEvent":"onCommand:workbench.action.tasks.runTask"}
[2018-12-13 22:35:35.580] [exthost1] [info] ExtensionService#loadCommonJSModule c:\Users\Manali\.codemix\engine\resources\app\extensions\jake\out\main
[2018-12-13 22:35:35.590] [exthost1] [info] ExtensionService#_doActivateExtension vscode.npm {"startup":false,"activationEvent":"onCommand:workbench.action.tasks.runTask"}
[2018-12-13 22:35:35.590] [exthost1] [info] ExtensionService#loadCommonJSModule c:\Users\Manali\.codemix\engine\resources\app\extensions\npm\out\main
[2018-12-13 22:35:36.595] [exthost1] [info] extension host started
[2018-12-13 22:35:36.627] [exthost1] [info] ExtensionService#_doActivateExtension vscode.debug-auto-launch {"startup":true,"activationEvent":"*"}
[2018-12-13 22:35:36.627] [exthost1] [info] ExtensionService#loadCommonJSModule c:\Users\Manali\.codemix\engine\resources\app\extensions\debug-auto-launch\out\extension
[2018-12-13 22:35:36.643] [exthost1] [info] ExtensionService#_doActivateExtension vscode.emmet {"startup":true,"activationEvent":"*"}
[2018-12-13 22:35:36.643] [exthost1] [info] ExtensionService#loadCommonJSModule c:\Users\Manali\.codemix\engine\resources\app\extensions\emmet\dist\extension
[2018-12-13 22:35:36.711] [exthost1] [info] ExtensionService#_doActivateExtension vscode.merge-conflict {"startup":true,"activationEvent":"*"}
[2018-12-13 22:35:36.711] [exthost1] [info] ExtensionService#loadCommonJSModule c:\Users\Manali\.codemix\engine\resources\app\extensions\merge-conflict\out\extension
[2018-12-13 22:35:36.743] [exthost1] [info] ExtensionService#_doActivateExtension vscode.search-rg {"startup":true,"activationEvent":"*"}
[2018-12-13 22:35:36.743] [exthost1] [info] ExtensionService#loadCommonJSModule c:\Users\Manali\.codemix\engine\resources\app\extensions\search-rg\out\extension
[2018-12-13 22:35:36.760] [exthost1] [info] eager extensions activated
[2018-12-13 22:35:36.760] [exthost1] [info] ExtensionService#_doActivateExtension vscode.configuration-editing {"startup":false,"activationEvent":"onLanguage:jsonc"}
[2018-12-13 22:35:36.760] [exthost1] [info] ExtensionService#loadCommonJSModule c:\Users\Manali\.codemix\engine\resources\app\extensions\configuration-editing\out\extension
[2018-12-13 22:35:36.781] [exthost1] [info] ExtensionService#_doActivateExtension vscode.json-language-features {"startup":false,"activationEvent":"onLanguage:jsonc"}
[2018-12-13 22:35:36.781] [exthost1] [info] ExtensionService#loadCommonJSModule c:\Users\Manali\.codemix\engine\resources\app\extensions\json-language-features\client\dist\jsonMain
[2018-12-13 22:35:36.981] [exthost1] [info] ExtensionService#_doActivateExtension vscode.typescript-language-features {"startup":false,"activationEvent":"onLanguage:jsonc"}
[2018-12-13 22:35:36.981] [exthost1] [info] ExtensionService#loadCommonJSModule c:\Users\Manali\.codemix\engine\resources\app\extensions\typescript-language-features\dist\extension
[2018-12-13 22:35:37.182] [exthost1] [info] ExtensionService#_doActivateExtension vscode.grunt {"startup":false,"activationEvent":"onCommand:workbench.action.tasks.runTask"}
[2018-12-13 22:35:37.182] [exthost1] [info] ExtensionService#loadCommonJSModule c:\Users\Manali\.codemix\engine\resources\app\extensions\grunt\out\main
[2018-12-13 22:35:37.190] [exthost1] [info] ExtensionService#_doActivateExtension vscode.gulp {"startup":false,"activationEvent":"onCommand:workbench.action.tasks.runTask"}
[2018-12-13 22:35:37.190] [exthost1] [info] ExtensionService#loadCommonJSModule c:\Users\Manali\.codemix\engine\resources\app\extensions\gulp\out\main
[2018-12-13 22:35:37.196] [exthost1] [info] ExtensionService#_doActivateExtension vscode.jake {"startup":false,"activationEvent":"onCommand:workbench.action.tasks.runTask"}
[2018-12-13 22:35:37.196] [exthost1] [info] ExtensionService#loadCommonJSModule c:\Users\Manali\.codemix\engine\resources\app\extensions\jake\out\main
[2018-12-13 22:35:37.205] [exthost1] [info] ExtensionService#_doActivateExtension vscode.npm {"startup":false,"activationEvent":"onCommand:workbench.action.tasks.runTask"}
[2018-12-13 22:35:37.205] [exthost1] [info] ExtensionService#loadCommonJSModule c:\Users\Manali\.codemix\engine\resources\app\extensions\npm\out\main
